Containers: 2
 Running: 2
 Paused: 0
 Stopped: 0
Images: 18
Server Version: 1.12.3
Storage Driver: aufs
 Root Dir: /var/lib/docker/aufs
 Backing Filesystem: extfs
 Dirs: 82
 Dirperm1 Supported: false
Logging Driver: json-file
Cgroup Driver: cgroupfs
Plugins:
 Volume: local
 Network: bridge null host overlay
Swarm: inactive
Runtimes: runc
Default Runtime: runc
Security Options: apparmor
Kernel Version: 3.13.0-100-generic
Operating System: Ubuntu 14.04.5 LTS
OSType: linux
Architecture: x86_64
CPUs: 1
Total Memory: 1.908 GiB
Name: vagrant-ubuntu-trusty-64
ID: 6CPT:RV7F:6CI4:F7GZ:VLMQ:SAXA:C5YK:SKDE:4UZF:DBCV:3RQO:MCSY
Docker Root Dir: /var/lib/docker
Debug Mode (client): false
Debug Mode (server): false
Registry: https://index.docker.io/v1/
Insecure Registries:
 127.0.0.0/8
